<?xml version="1.0" encoding="UTF-8"?>
<!-- Generated by org.testng.reporters.JUnitReportReporter -->
<testsuite hostname="Tracys-MBP.lan" failures="0" tests="4" name="assessment.option_2" time="16.651" errors="0" timestamp="2022-08-16T10:47:30 SAST" skipped="0">
  <testcase classname="assessment.option_2" name="checkoutOverview" time="3.963"/>
  <system-out/>
  <testcase classname="assessment.option_2" name="checkout" time="3.904"/>
  <system-out/>
  <testcase classname="assessment.option_2" name="buyItems" time="3.545"/>
  <system-out/>
  <testcase classname="assessment.option_2" name="orderComplete" time="5.239"/>
  <system-out/>
</testsuite> <!-- assessment.option_2 -->
