<?xml version="1.0" encoding="UTF-8"?>
<!-- Generated by org.testng.reporters.JUnitReportReporter -->
<testsuite hostname="Tracys-MBP.lan" failures="0" tests="1" name="assessment.test1" time="5.081" errors="0" timestamp="2022-08-15T10:21:14 SAST" skipped="0">
  <testcase classname="assessment.test1" name="minMax" time="5.081"/>
  <system-out/>
</testsuite> <!-- assessment.test1 -->
